[ 2015-06-15T15:33:11+08:00 ] 192.168.232.44 /Admin/Student/index.html
INFO: [ app_init ] --START--
INFO: Run Behavior\BuildLiteBehavior [ RunTime:0.000054s ]
INFO: [ app_init ] --END-- [ RunTime:0.001086s ]
INFO: [ app_begin ] --START--
INFO: Run Behavior\ReadHtmlCacheBehavior [ RunTime:0.001621s ]
INFO: [ app_begin ] --END-- [ RunTime:0.001854s ]
SQL: SHOW COLUMNS FROM `user` [ RunTime:0.0058s ]
SQL: SELECT COUNT(*) AS tp_count FROM `user` LIMIT 1   [ RunTime:0.0006s ]
SQL: SELECT * FROM `user` LIMIT 0,12   [ RunTime:0.0005s ]
INFO: [ view_parse ] --START--
INFO: [ template_filter ] --START--
INFO: Run Behavior\ContentReplaceBehavior [ RunTime:0.000204s ]
INFO: [ template_filter ] --END-- [ RunTime:0.000474s ]
INFO: Run Behavior\ParseTemplateBehavior [ RunTime:0.040543s ]
INFO: [ view_parse ] --END-- [ RunTime:0.040800s ]
INFO: [ view_filter ] --START--
INFO: Run Behavior\WriteHtmlCacheBehavior [ RunTime:0.001301s ]
INFO: [ view_filter ] --END-- [ RunTime:0.001537s ]
INFO: [ app_end ] --START--
INFO: Run Behavior\ShowPageTraceBehavior [ RunTime:0.001751s ]
INFO: [ app_end ] --END-- [ RunTime:0.002056s ]

[ 2015-06-15T15:33:20+08:00 ] 192.168.232.44 /Admin/Config/index.html
INFO: [ app_init ] --START--
INFO: Run Behavior\BuildLiteBehavior [ RunTime:0.000055s ]
INFO: [ app_init ] --END-- [ RunTime:0.001087s ]
INFO: [ app_begin ] --START--
INFO: Run Behavior\ReadHtmlCacheBehavior [ RunTime:0.001915s ]
INFO: [ app_begin ] --END-- [ RunTime:0.002177s ]
SQL: SHOW COLUMNS FROM `config` [ RunTime:0.0059s ]
SQL: SELECT * FROM `config`  [ RunTime:0.0006s ]
NOTIC: [8] Use of undefined constant teacher_weight - assumed 'teacher_weight' C:\Program Files\wamp\www\Application\Admin\Controller\ConfigController.class.php 第 20 行.
NOTIC: [8] Use of undefined constant student_weight - assumed 'student_weight' C:\Program Files\wamp\www\Application\Admin\Controller\ConfigController.class.php 第 21 行.
INFO: [ view_parse ] --START--
INFO: [ template_filter ] --START--
INFO: Run Behavior\ContentReplaceBehavior [ RunTime:0.000190s ]
INFO: [ template_filter ] --END-- [ RunTime:0.000454s ]
NOTIC: [8] Undefined variable: page C:\Program Files\wamp\www\Application\Runtime\Cache\Admin\9bb5e7ead1bbec7c3d970a481af28a6e.php 第 71 行.
INFO: Run Behavior\ParseTemplateBehavior [ RunTime:0.029477s ]
INFO: [ view_parse ] --END-- [ RunTime:0.029727s ]
INFO: [ view_filter ] --START--
INFO: Run Behavior\WriteHtmlCacheBehavior [ RunTime:0.001306s ]
INFO: [ view_filter ] --END-- [ RunTime:0.001534s ]
INFO: [ app_end ] --START--
INFO: Run Behavior\ShowPageTraceBehavior [ RunTime:0.001784s ]
INFO: [ app_end ] --END-- [ RunTime:0.002021s ]

[ 2015-06-15T15:33:23+08:00 ] 192.168.232.44 /Admin/Student/index.html
INFO: [ app_init ] --START--
INFO: Run Behavior\BuildLiteBehavior [ RunTime:0.000054s ]
INFO: [ app_init ] --END-- [ RunTime:0.001083s ]
INFO: [ app_begin ] --START--
INFO: Run Behavior\ReadHtmlCacheBehavior [ RunTime:0.001952s ]
INFO: [ app_begin ] --END-- [ RunTime:0.002222s ]
SQL: SHOW COLUMNS FROM `user` [ RunTime:0.0059s ]
SQL: SELECT COUNT(*) AS tp_count FROM `user` LIMIT 1   [ RunTime:0.0005s ]
SQL: SELECT * FROM `user` LIMIT 0,12   [ RunTime:0.0007s ]
INFO: [ view_parse ] --START--
INFO: [ template_filter ] --START--
INFO: Run Behavior\ContentReplaceBehavior [ RunTime:0.000202s ]
INFO: [ template_filter ] --END-- [ RunTime:0.000475s ]
INFO: Run Behavior\ParseTemplateBehavior [ RunTime:0.041636s ]
INFO: [ view_parse ] --END-- [ RunTime:0.041893s ]
INFO: [ view_filter ] --START--
INFO: Run Behavior\WriteHtmlCacheBehavior [ RunTime:0.001415s ]
INFO: [ view_filter ] --END-- [ RunTime:0.001660s ]
INFO: [ app_end ] --START--
INFO: Run Behavior\ShowPageTraceBehavior [ RunTime:0.001820s ]
INFO: [ app_end ] --END-- [ RunTime:0.002055s ]

[ 2015-06-15T15:33:25+08:00 ] 192.168.232.44 /Admin/Student/add_student.html
INFO: [ app_init ] --START--
INFO: Run Behavior\BuildLiteBehavior [ RunTime:0.000052s ]
INFO: [ app_init ] --END-- [ RunTime:0.001080s ]
INFO: [ app_begin ] --START--
INFO: Run Behavior\ReadHtmlCacheBehavior [ RunTime:0.001734s ]
INFO: [ app_begin ] --END-- [ RunTime:0.001990s ]
INFO: [ view_parse ] --START--
INFO: [ template_filter ] --START--
INFO: Run Behavior\ContentReplaceBehavior [ RunTime:0.000192s ]
INFO: [ template_filter ] --END-- [ RunTime:0.000456s ]
INFO: Run Behavior\ParseTemplateBehavior [ RunTime:0.027365s ]
INFO: [ view_parse ] --END-- [ RunTime:0.027602s ]
INFO: [ view_filter ] --START--
INFO: Run Behavior\WriteHtmlCacheBehavior [ RunTime:0.001108s ]
INFO: [ view_filter ] --END-- [ RunTime:0.001307s ]
INFO: [ app_end ] --START--
INFO: Run Behavior\ShowPageTraceBehavior [ RunTime:0.001539s ]
INFO: [ app_end ] --END-- [ RunTime:0.001745s ]

[ 2015-06-15T15:33:26+08:00 ] 192.168.232.44 /Admin/Student/findby_user_id.html
INFO: [ app_init ] --START--
INFO: Run Behavior\BuildLiteBehavior [ RunTime:0.000053s ]
INFO: [ app_init ] --END-- [ RunTime:0.001073s ]
INFO: [ app_begin ] --START--
INFO: Run Behavior\ReadHtmlCacheBehavior [ RunTime:0.001783s ]
INFO: [ app_begin ] --END-- [ RunTime:0.002043s ]
INFO: [ view_parse ] --START--
INFO: [ template_filter ] --START--
INFO: Run Behavior\ContentReplaceBehavior [ RunTime:0.000166s ]
INFO: [ template_filter ] --END-- [ RunTime:0.000390s ]
INFO: Run Behavior\ParseTemplateBehavior [ RunTime:0.029269s ]
INFO: [ view_parse ] --END-- [ RunTime:0.029505s ]
INFO: [ view_filter ] --START--
INFO: Run Behavior\WriteHtmlCacheBehavior [ RunTime:0.001074s ]
INFO: [ view_filter ] --END-- [ RunTime:0.001270s ]
INFO: [ app_end ] --START--
INFO: Run Behavior\ShowPageTraceBehavior [ RunTime:0.001485s ]
INFO: [ app_end ] --END-- [ RunTime:0.001687s ]

[ 2015-06-15T15:33:27+08:00 ] 192.168.232.44 /Admin/Student/add_student.html
INFO: [ app_init ] --START--
INFO: Run Behavior\BuildLiteBehavior [ RunTime:0.000045s ]
INFO: [ app_init ] --END-- [ RunTime:0.000934s ]
INFO: [ app_begin ] --START--
INFO: Run Behavior\ReadHtmlCacheBehavior [ RunTime:0.001687s ]
INFO: [ app_begin ] --END-- [ RunTime:0.001915s ]
INFO: [ view_parse ] --START--
INFO: [ template_filter ] --START--
INFO: Run Behavior\ContentReplaceBehavior [ RunTime:0.000162s ]
INFO: [ template_filter ] --END-- [ RunTime:0.000388s ]
INFO: Run Behavior\ParseTemplateBehavior [ RunTime:0.023791s ]
INFO: [ view_parse ] --END-- [ RunTime:0.024008s ]
INFO: [ view_filter ] --START--
INFO: Run Behavior\WriteHtmlCacheBehavior [ RunTime:0.001053s ]
INFO: [ view_filter ] --END-- [ RunTime:0.001250s ]
INFO: [ app_end ] --START--
INFO: Run Behavior\ShowPageTraceBehavior [ RunTime:0.001506s ]
INFO: [ app_end ] --END-- [ RunTime:0.001708s ]

[ 2015-06-15T15:33:29+08:00 ] 192.168.232.44 /Admin/Student/index.html
INFO: [ app_init ] --START--
INFO: Run Behavior\BuildLiteBehavior [ RunTime:0.000053s ]
INFO: [ app_init ] --END-- [ RunTime:0.001075s ]
INFO: [ app_begin ] --START--
INFO: Run Behavior\ReadHtmlCacheBehavior [ RunTime:0.001869s ]
INFO: [ app_begin ] --END-- [ RunTime:0.002129s ]
SQL: SHOW COLUMNS FROM `user` [ RunTime:0.0058s ]
SQL: SELECT COUNT(*) AS tp_count FROM `user` LIMIT 1   [ RunTime:0.0006s ]
SQL: SELECT * FROM `user` LIMIT 0,12   [ RunTime:0.0007s ]
INFO: [ view_parse ] --START--
INFO: [ template_filter ] --START--
INFO: Run Behavior\ContentReplaceBehavior [ RunTime:0.000204s ]
INFO: [ template_filter ] --END-- [ RunTime:0.000476s ]
INFO: Run Behavior\ParseTemplateBehavior [ RunTime:0.041515s ]
INFO: [ view_parse ] --END-- [ RunTime:0.041772s ]
INFO: [ view_filter ] --START--
INFO: Run Behavior\WriteHtmlCacheBehavior [ RunTime:0.001419s ]
INFO: [ view_filter ] --END-- [ RunTime:0.001665s ]
INFO: [ app_end ] --START--
INFO: Run Behavior\ShowPageTraceBehavior [ RunTime:0.001817s ]
INFO: [ app_end ] --END-- [ RunTime:0.002051s ]

[ 2015-06-15T15:33:33+08:00 ] 192.168.232.44 /Admin/Student/add_student.html
INFO: [ app_init ] --START--
INFO: Run Behavior\BuildLiteBehavior [ RunTime:0.000052s ]
INFO: [ app_init ] --END-- [ RunTime:0.001082s ]
INFO: [ app_begin ] --START--
INFO: Run Behavior\ReadHtmlCacheBehavior [ RunTime:0.001986s ]
INFO: [ app_begin ] --END-- [ RunTime:0.002246s ]
INFO: [ view_parse ] --START--
INFO: [ template_filter ] --START--
INFO: Run Behavior\ContentReplaceBehavior [ RunTime:0.000190s ]
INFO: [ template_filter ] --END-- [ RunTime:0.000454s ]
INFO: Run Behavior\ParseTemplateBehavior [ RunTime:0.027842s ]
INFO: [ view_parse ] --END-- [ RunTime:0.028100s ]
INFO: [ view_filter ] --START--
INFO: Run Behavior\WriteHtmlCacheBehavior [ RunTime:0.001405s ]
INFO: [ view_filter ] --END-- [ RunTime:0.001646s ]
INFO: [ app_end ] --START--
INFO: Run Behavior\ShowPageTraceBehavior [ RunTime:0.001840s ]
INFO: [ app_end ] --END-- [ RunTime:0.002079s ]

[ 2015-06-15T15:33:34+08:00 ] 192.168.232.44 /Admin/Student/add_students.html
INFO: [ app_init ] --START--
INFO: Run Behavior\BuildLiteBehavior [ RunTime:0.000046s ]
INFO: [ app_init ] --END-- [ RunTime:0.000925s ]
INFO: [ app_begin ] --START--
INFO: Run Behavior\ReadHtmlCacheBehavior [ RunTime:0.001480s ]
INFO: [ app_begin ] --END-- [ RunTime:0.001700s ]
INFO: [ view_parse ] --START--
INFO: [ template_filter ] --START--
INFO: Run Behavior\ContentReplaceBehavior [ RunTime:0.000161s ]
INFO: [ template_filter ] --END-- [ RunTime:0.000385s ]
INFO: Run Behavior\ParseTemplateBehavior [ RunTime:0.023128s ]
INFO: [ view_parse ] --END-- [ RunTime:0.023376s ]
INFO: [ view_filter ] --START--
INFO: Run Behavior\WriteHtmlCacheBehavior [ RunTime:0.001333s ]
INFO: [ view_filter ] --END-- [ RunTime:0.001549s ]
INFO: [ app_end ] --START--
INFO: Run Behavior\ShowPageTraceBehavior [ RunTime:0.001534s ]
INFO: [ app_end ] --END-- [ RunTime:0.001740s ]

[ 2015-06-15T15:33:37+08:00 ] 192.168.232.44 /Admin/Project/add_project.html
INFO: [ app_init ] --START--
INFO: Run Behavior\BuildLiteBehavior [ RunTime:0.000053s ]
INFO: [ app_init ] --END-- [ RunTime:0.001106s ]
INFO: [ app_begin ] --START--
INFO: Run Behavior\ReadHtmlCacheBehavior [ RunTime:0.001743s ]
INFO: [ app_begin ] --END-- [ RunTime:0.001998s ]
INFO: [ view_parse ] --START--
INFO: [ template_filter ] --START--
INFO: Run Behavior\ContentReplaceBehavior [ RunTime:0.000189s ]
INFO: [ template_filter ] --END-- [ RunTime:0.000456s ]
INFO: Run Behavior\ParseTemplateBehavior [ RunTime:0.028186s ]
INFO: [ view_parse ] --END-- [ RunTime:0.028456s ]
INFO: [ view_filter ] --START--
INFO: Run Behavior\WriteHtmlCacheBehavior [ RunTime:0.001303s ]
INFO: [ view_filter ] --END-- [ RunTime:0.001536s ]
INFO: [ app_end ] --START--
INFO: Run Behavior\ShowPageTraceBehavior [ RunTime:0.001906s ]
INFO: [ app_end ] --END-- [ RunTime:0.002152s ]

[ 2015-06-15T15:33:39+08:00 ] 192.168.232.44 /Admin/Project/add_projects.html
INFO: [ app_init ] --START--
INFO: Run Behavior\BuildLiteBehavior [ RunTime:0.000053s ]
INFO: [ app_init ] --END-- [ RunTime:0.001075s ]
INFO: [ app_begin ] --START--
INFO: Run Behavior\ReadHtmlCacheBehavior [ RunTime:0.001773s ]
INFO: [ app_begin ] --END-- [ RunTime:0.002030s ]
INFO: [ view_parse ] --START--
INFO: [ template_filter ] --START--
INFO: Run Behavior\ContentReplaceBehavior [ RunTime:0.000189s ]
INFO: [ template_filter ] --END-- [ RunTime:0.000452s ]
INFO: Run Behavior\ParseTemplateBehavior [ RunTime:0.026659s ]
INFO: [ view_parse ] --END-- [ RunTime:0.026929s ]
INFO: [ view_filter ] --START--
INFO: Run Behavior\WriteHtmlCacheBehavior [ RunTime:0.001331s ]
INFO: [ view_filter ] --END-- [ RunTime:0.001551s ]
INFO: [ app_end ] --START--
INFO: Run Behavior\ShowPageTraceBehavior [ RunTime:0.001561s ]
INFO: [ app_end ] --END-- [ RunTime:0.001763s ]

[ 2015-06-15T15:33:42+08:00 ] 192.168.232.44 /Admin/Score/saveScore.html
INFO: [ app_init ] --START--
INFO: Run Behavior\BuildLiteBehavior [ RunTime:0.000053s ]
INFO: [ app_init ] --END-- [ RunTime:0.001084s ]
INFO: [ app_begin ] --START--
INFO: Run Behavior\ReadHtmlCacheBehavior [ RunTime:0.001735s ]
INFO: [ app_begin ] --END-- [ RunTime:0.001991s ]
SQL: SHOW COLUMNS FROM `config` [ RunTime:0.0057s ]
SQL: SELECT * FROM `config`  [ RunTime:0.0005s ]
SQL: SHOW COLUMNS FROM `pro` [ RunTime:0.0057s ]
SQL: SHOW COLUMNS FROM `score` [ RunTime:0.0058s ]
SQL: SELECT * FROM `pro`  [ RunTime:0.0006s ]
SQL: SELECT SUM(varscore) AS tp_sum FROM `score` INNER JOIN user ON score.user_id = user.user_id  WHERE `pro_id` = '52' AND `role` = '老师' LIMIT 1   [ RunTime:0.0006s ]
SQL: SELECT COUNT(*) AS tp_count FROM `score` INNER JOIN user ON score.user_id = user.user_id  WHERE `pro_id` = '52' AND `role` = '老师' LIMIT 1   [ RunTime:0.0006s ]
SQL: SELECT SUM(varscore) AS tp_sum FROM `score` INNER JOIN user ON score.user_id = user.user_id  WHERE `pro_id` = '52' AND `role` = '学生' LIMIT 1   [ RunTime:0.0010s ]
SQL: SELECT COUNT(*) AS tp_count FROM `score` INNER JOIN user ON score.user_id = user.user_id  WHERE `pro_id` = '52' AND `role` = '学生' LIMIT 1   [ RunTime:0.0009s ]
SQL: UPDATE `pro` SET `score`='86.115789473684' WHERE ( pro_id=52 ) [ RunTime:0.0349s ]
SQL: SELECT COUNT(*) AS tp_count FROM `score` WHERE `pro_id` = 52 LIMIT 1   [ RunTime:0.0007s ]
SQL: UPDATE `pro` SET `count_people`='39' WHERE `pro_id` = 52 [ RunTime:0.0020s ]
SQL: SELECT SUM(varscore) AS tp_sum FROM `score` INNER JOIN user ON score.user_id = user.user_id  WHERE `pro_id` = '53' AND `role` = '老师' LIMIT 1   [ RunTime:0.0007s ]
SQL: SELECT COUNT(*) AS tp_count FROM `score` INNER JOIN user ON score.user_id = user.user_id  WHERE `pro_id` = '53' AND `role` = '老师' LIMIT 1   [ RunTime:0.0006s ]
SQL: SELECT SUM(varscore) AS tp_sum FROM `score` INNER JOIN user ON score.user_id = user.user_id  WHERE `pro_id` = '53' AND `role` = '学生' LIMIT 1   [ RunTime:0.0011s ]
SQL: SELECT COUNT(*) AS tp_count FROM `score` INNER JOIN user ON score.user_id = user.user_id  WHERE `pro_id` = '53' AND `role` = '学生' LIMIT 1   [ RunTime:0.0010s ]
SQL: UPDATE `pro` SET `score`='87.727179487179' WHERE ( pro_id=53 ) [ RunTime:0.0027s ]
SQL: SELECT COUNT(*) AS tp_count FROM `score` WHERE `pro_id` = 53 LIMIT 1   [ RunTime:0.0007s ]
SQL: UPDATE `pro` SET `count_people`='40' WHERE `pro_id` = 53 [ RunTime:0.0016s ]
SQL: SELECT SUM(varscore) AS tp_sum FROM `score` INNER JOIN user ON score.user_id = user.user_id  WHERE `pro_id` = '54' AND `role` = '老师' LIMIT 1   [ RunTime:0.0006s ]
SQL: SELECT COUNT(*) AS tp_count FROM `score` INNER JOIN user ON score.user_id = user.user_id  WHERE `pro_id` = '54' AND `role` = '老师' LIMIT 1   [ RunTime:0.0007s ]
SQL: SELECT SUM(varscore) AS tp_sum FROM `score` INNER JOIN user ON score.user_id = user.user_id  WHERE `pro_id` = '54' AND `role` = '学生' LIMIT 1   [ RunTime:0.0010s ]
SQL: SELECT COUNT(*) AS tp_count FROM `score` INNER JOIN user ON score.user_id = user.user_id  WHERE `pro_id` = '54' AND `role` = '学生' LIMIT 1   [ RunTime:0.0010s ]
SQL: UPDATE `pro` SET `score`='87.745' WHERE ( pro_id=54 ) [ RunTime:0.0029s ]
SQL: SELECT COUNT(*) AS tp_count FROM `score` WHERE `pro_id` = 54 LIMIT 1   [ RunTime:0.0007s ]
SQL: UPDATE `pro` SET `count_people`='41' WHERE `pro_id` = 54 [ RunTime:0.0017s ]
SQL: SELECT SUM(varscore) AS tp_sum FROM `score` INNER JOIN user ON score.user_id = user.user_id  WHERE `pro_id` = '55' AND `role` = '老师' LIMIT 1   [ RunTime:0.0007s ]
SQL: SELECT COUNT(*) AS tp_count FROM `score` INNER JOIN user ON score.user_id = user.user_id  WHERE `pro_id` = '55' AND `role` = '老师' LIMIT 1   [ RunTime:0.0006s ]
SQL: SELECT SUM(varscore) AS tp_sum FROM `score` INNER JOIN user ON score.user_id = user.user_id  WHERE `pro_id` = '55' AND `role` = '学生' LIMIT 1   [ RunTime:0.0011s ]
SQL: SELECT COUNT(*) AS tp_count FROM `score` INNER JOIN user ON score.user_id = user.user_id  WHERE `pro_id` = '55' AND `role` = '学生' LIMIT 1   [ RunTime:0.0010s ]
SQL: UPDATE `pro` SET `score`='93.615' WHERE ( pro_id=55 ) [ RunTime:0.0016s ]
SQL: SELECT COUNT(*) AS tp_count FROM `score` WHERE `pro_id` = 55 LIMIT 1   [ RunTime:0.0007s ]
SQL: UPDATE `pro` SET `count_people`='41' WHERE `pro_id` = 55 [ RunTime:0.0015s ]
SQL: SELECT SUM(varscore) AS tp_sum FROM `score` INNER JOIN user ON score.user_id = user.user_id  WHERE `pro_id` = '56' AND `role` = '老师' LIMIT 1   [ RunTime:0.0007s ]
SQL: SELECT COUNT(*) AS tp_count FROM `score` INNER JOIN user ON score.user_id = user.user_id  WHERE `pro_id` = '56' AND `role` = '老师' LIMIT 1   [ RunTime:0.0007s ]
SQL: SELECT SUM(varscore) AS tp_sum FROM `score` INNER JOIN user ON score.user_id = user.user_id  WHERE `pro_id` = '56' AND `role` = '学生' LIMIT 1   [ RunTime:0.0011s ]
SQL: SELECT COUNT(*) AS tp_count FROM `score` INNER JOIN user ON score.user_id = user.user_id  WHERE `pro_id` = '56' AND `role` = '学生' LIMIT 1   [ RunTime:0.0010s ]
SQL: UPDATE `pro` SET `score`='90.938461538462' WHERE ( pro_id=56 ) [ RunTime:0.0025s ]
SQL: SELECT COUNT(*) AS tp_count FROM `score` WHERE `pro_id` = 56 LIMIT 1   [ RunTime:0.0007s ]
SQL: UPDATE `pro` SET `count_people`='40' WHERE `pro_id` = 56 [ RunTime:0.0016s ]
SQL: SELECT COUNT(*) AS tp_count FROM `pro` LIMIT 1   [ RunTime:0.0005s ]
SQL: SELECT * FROM `pro` LIMIT 0,20   [ RunTime:0.0007s ]
INFO: [ view_parse ] --START--
INFO: [ template_filter ] --START--
INFO: Run Behavior\ContentReplaceBehavior [ RunTime:0.000195s ]
INFO: [ template_filter ] --END-- [ RunTime:0.000468s ]
INFO: Run Behavior\ParseTemplateBehavior [ RunTime:0.031385s ]
INFO: [ view_parse ] --END-- [ RunTime:0.031640s ]
INFO: [ view_filter ] --START--
INFO: Run Behavior\WriteHtmlCacheBehavior [ RunTime:0.001417s ]
INFO: [ view_filter ] --END-- [ RunTime:0.001651s ]
INFO: [ app_end ] --START--
INFO: Run Behavior\ShowPageTraceBehavior [ RunTime:0.001822s ]
INFO: [ app_end ] --END-- [ RunTime:0.002061s ]

[ 2015-06-15T15:33:44+08:00 ] 192.168.232.44 /Admin/Score/index.html
INFO: [ app_init ] --START--
INFO: Run Behavior\BuildLiteBehavior [ RunTime:0.000056s ]
INFO: [ app_init ] --END-- [ RunTime:0.001182s ]
INFO: [ app_begin ] --START--
INFO: Run Behavior\ReadHtmlCacheBehavior [ RunTime:0.001791s ]
INFO: [ app_begin ] --END-- [ RunTime:0.002051s ]
SQL: SHOW COLUMNS FROM `score` [ RunTime:0.0058s ]
SQL: SELECT COUNT(*) AS tp_count FROM `score` INNER JOIN user ON score.user_id = user.user_id INNER JOIN  pro ON pro.pro_id = score.pro_id  LIMIT 1   [ RunTime:0.0019s ]
SQL: SELECT * FROM `score` INNER JOIN user ON score.user_id = user.user_id INNER JOIN  pro ON pro.pro_id = score.pro_id  LIMIT 0,20   [ RunTime:0.0016s ]
INFO: [ view_parse ] --START--
INFO: [ template_filter ] --START--
INFO: Run Behavior\ContentReplaceBehavior [ RunTime:0.000204s ]
INFO: [ template_filter ] --END-- [ RunTime:0.000474s ]
INFO: Run Behavior\ParseTemplateBehavior [ RunTime:0.047107s ]
INFO: [ view_parse ] --END-- [ RunTime:0.047374s ]
INFO: [ view_filter ] --START--
INFO: Run Behavior\WriteHtmlCacheBehavior [ RunTime:0.001421s ]
INFO: [ view_filter ] --END-- [ RunTime:0.001665s ]
INFO: [ app_end ] --START--
INFO: Run Behavior\ShowPageTraceBehavior [ RunTime:0.001818s ]
INFO: [ app_end ] --END-- [ RunTime:0.002057s ]

[ 2015-06-15T15:33:47+08:00 ] 192.168.232.44 /Admin/Download/download.html
INFO: [ app_init ] --START--
INFO: Run Behavior\BuildLiteBehavior [ RunTime:0.000054s ]
INFO: [ app_init ] --END-- [ RunTime:0.001085s ]
INFO: [ app_begin ] --START--
INFO: Run Behavior\ReadHtmlCacheBehavior [ RunTime:0.001738s ]
INFO: [ app_begin ] --END-- [ RunTime:0.001993s ]
INFO: [ view_parse ] --START--
INFO: [ template_filter ] --START--
INFO: Run Behavior\ContentReplaceBehavior [ RunTime:0.000183s ]
INFO: [ template_filter ] --END-- [ RunTime:0.000446s ]
INFO: Run Behavior\ParseTemplateBehavior [ RunTime:0.023378s ]
INFO: [ view_parse ] --END-- [ RunTime:0.023597s ]
INFO: [ view_filter ] --START--
INFO: Run Behavior\WriteHtmlCacheBehavior [ RunTime:0.001117s ]
INFO: [ view_filter ] --END-- [ RunTime:0.001310s ]
INFO: [ app_end ] --START--
INFO: Run Behavior\ShowPageTraceBehavior [ RunTime:0.001540s ]
INFO: [ app_end ] --END-- [ RunTime:0.001744s ]

[ 2015-06-15T15:33:50+08:00 ] 192.168.232.44 /Admin/Index/loginout.html
INFO: [ app_init ] --START--
INFO: Run Behavior\BuildLiteBehavior [ RunTime:0.000054s ]
INFO: [ app_init ] --END-- [ RunTime:0.001078s ]
INFO: [ app_begin ] --START--
INFO: Run Behavior\ReadHtmlCacheBehavior [ RunTime:0.001765s ]
INFO: [ app_begin ] --END-- [ RunTime:0.002021s ]
INFO: [ view_parse ] --START--
INFO: [ template_filter ] --START--
INFO: Run Behavior\ContentReplaceBehavior [ RunTime:0.000160s ]
INFO: [ template_filter ] --END-- [ RunTime:0.000424s ]
INFO: Run Behavior\ParseTemplateBehavior [ RunTime:0.017721s ]
INFO: [ view_parse ] --END-- [ RunTime:0.017975s ]
INFO: [ view_filter ] --START--
INFO: Run Behavior\WriteHtmlCacheBehavior [ RunTime:0.001311s ]
INFO: [ view_filter ] --END-- [ RunTime:0.001537s ]
INFO: [ app_end ] --START--
INFO: Run Behavior\ShowPageTraceBehavior [ RunTime:0.001805s ]
INFO: [ app_end ] --END-- [ RunTime:0.002045s ]

